<?xml version="1.0" encoding="UTF-8"?>
<testng-results skipped="0" failed="0" ignored="0" total="1" passed="1">
  <reporter-output>
  </reporter-output>
  <suite name="Default suite" duration-ms="36699" started-at="2020-10-04T19:58:45 IST" finished-at="2020-10-04T19:59:21 IST">
    <groups>
    </groups>
    <test name="Default test" duration-ms="36699" started-at="2020-10-04T19:58:45 IST" finished-at="2020-10-04T19:59:21 IST">
      <class name="scripts.TC001">
        <test-method status="PASS" signature="openApp(java.lang.String, java.lang.String, java.lang.String, java.lang.String)[pri:0, instance:scripts.TC001@5e853265]" name="openApp" is-config="true" duration-ms="14717" started-at="2020-10-04T19:58:45 IST" finished-at="2020-10-04T19:58:59 IST">
          <params>
            <param index="0">
              <value>
                <![CDATA[http://automationpractice.com/]]>
              </value>
            </param>
            <param index="1">
              <value>
                <![CDATA[chrome]]>
              </value>
            </param>
            <param index="2">
              <value>
                <![CDATA[10]]>
              </value>
            </param>
            <param index="3">
              <value>
                <![CDATA[10]]>
              </value>
            </param>
          </params>
          <reporter-output>
          </reporter-output>
        </test-method> <!-- openApp -->
        <test-method status="PASS" signature="loginToApp(java.lang.String, java.lang.String)[pri:0, instance:scripts.TC001@5e853265]" name="loginToApp" is-config="true" duration-ms="6230" started-at="2020-10-04T19:58:59 IST" finished-at="2020-10-04T19:59:06 IST">
          <params>
            <param index="0">
              <value>
                <![CDATA[nameishemanth@gmail.com]]>
              </value>
            </param>
            <param index="1">
              <value>
                <![CDATA[Testing@123]]>
              </value>
            </param>
          </params>
          <reporter-output>
          </reporter-output>
        </test-method> <!-- loginToApp -->
        <test-method status="PASS" signature="testItemAddedToKart()[pri:0, instance:scripts.TC001@5e853265]" name="testItemAddedToKart" duration-ms="12955" started-at="2020-10-04T19:59:06 IST" description="Verify Whether the Added Product is displayed in ODP" finished-at="2020-10-04T19:59:19 IST">
          <reporter-output>
          </reporter-output>
        </test-method> <!-- testItemAddedToKart -->
        <test-method status="PASS" signature="logout(org.testng.ITestResult)[pri:0, instance:scripts.TC001@5e853265]" name="logout" is-config="true" duration-ms="1972" started-at="2020-10-04T19:59:19 IST" finished-at="2020-10-04T19:59:21 IST">
          <params>
            <param index="0">
              <value>
                <![CDATA[[TestResult name=testItemAddedToKart status=SUCCESS method=TC001.testItemAddedToKart()[pri:0, instance:scripts.TC001@5e853265] output={null}]]]>
              </value>
            </param>
          </params>
          <reporter-output>
          </reporter-output>
        </test-method> <!-- logout -->
        <test-method status="PASS" signature="closeApp()[pri:0, instance:scripts.TC001@5e853265]" name="closeApp" is-config="true" duration-ms="773" started-at="2020-10-04T19:59:21 IST" finished-at="2020-10-04T19:59:21 IST">
          <reporter-output>
          </reporter-output>
        </test-method> <!-- closeApp -->
      </class> <!-- scripts.TC001 -->
    </test> <!-- Default test -->
  </suite> <!-- Default suite -->
</testng-results>
